Jul 17 2024 07:34:53
{"type":8192,"message":"Return type of Ai1wm_Recursive_Newline_Filter::accept() should either be compatible with FilterIterator::accept(): bool, or the #[\\ReturnTypeWillChange] attribute should be used to temporarily suppress the notice","file":"C:\\xampp\\htdocs\\DevSohaib\\wp-content\\plugins\\All-In-One-WP-Migration-With-Import-master\\lib\\vendor\\servmask\\filter\\class-ai1wm-recursive-newline-filter.php","line":28}

Jul 17 2024 07:34:53
{"type":8192,"message":"Return type of Ai1wm_Recursive_Newline_Filter::accept() should either be compatible with FilterIterator::accept(): bool, or the #[\\ReturnTypeWillChange] attribute should be used to temporarily suppress the notice","file":"C:\\xampp\\htdocs\\DevSohaib\\wp-content\\plugins\\All-In-One-WP-Migration-With-Import-master\\lib\\vendor\\servmask\\filter\\class-ai1wm-recursive-newline-filter.php","line":28}

Jul 17 2024 07:34:54
{"type":8192,"message":"Return type of Ai1wm_Recursive_Newline_Filter::accept() should either be compatible with FilterIterator::accept(): bool, or the #[\\ReturnTypeWillChange] attribute should be used to temporarily suppress the notice","file":"C:\\xampp\\htdocs\\DevSohaib\\wp-content\\plugins\\All-In-One-WP-Migration-With-Import-master\\lib\\vendor\\servmask\\filter\\class-ai1wm-recursive-newline-filter.php","line":28}

Jul 17 2024 07:34:54
{"type":8192,"message":"Return type of Ai1wm_Recursive_Newline_Filter::accept() should either be compatible with FilterIterator::accept(): bool, or the #[\\ReturnTypeWillChange] attribute should be used to temporarily suppress the notice","file":"C:\\xampp\\htdocs\\DevSohaib\\wp-content\\plugins\\All-In-One-WP-Migration-With-Import-master\\lib\\vendor\\servmask\\filter\\class-ai1wm-recursive-newline-filter.php","line":28}

Jul 17 2024 07:34:55
{"type":8192,"message":"Return type of Ai1wm_Recursive_Newline_Filter::accept() should either be compatible with FilterIterator::accept(): bool, or the #[\\ReturnTypeWillChange] attribute should be used to temporarily suppress the notice","file":"C:\\xampp\\htdocs\\DevSohaib\\wp-content\\plugins\\All-In-One-WP-Migration-With-Import-master\\lib\\vendor\\servmask\\filter\\class-ai1wm-recursive-newline-filter.php","line":28}

Jul 17 2024 07:34:55
{"type":8192,"message":"Return type of Ai1wm_Recursive_Newline_Filter::accept() should either be compatible with FilterIterator::accept(): bool, or the #[\\ReturnTypeWillChange] attribute should be used to temporarily suppress the notice","file":"C:\\xampp\\htdocs\\DevSohaib\\wp-content\\plugins\\All-In-One-WP-Migration-With-Import-master\\lib\\vendor\\servmask\\filter\\class-ai1wm-recursive-newline-filter.php","line":28}

Jul 17 2024 07:34:55
{"type":8192,"message":"Return type of Ai1wm_Recursive_Newline_Filter::accept() should either be compatible with FilterIterator::accept(): bool, or the #[\\ReturnTypeWillChange] attribute should be used to temporarily suppress the notice","file":"C:\\xampp\\htdocs\\DevSohaib\\wp-content\\plugins\\All-In-One-WP-Migration-With-Import-master\\lib\\vendor\\servmask\\filter\\class-ai1wm-recursive-newline-filter.php","line":28}

Jul 17 2024 07:34:56
{"type":8192,"message":"Return type of Ai1wm_Recursive_Newline_Filter::accept() should either be compatible with FilterIterator::accept(): bool, or the #[\\ReturnTypeWillChange] attribute should be used to temporarily suppress the notice","file":"C:\\xampp\\htdocs\\DevSohaib\\wp-content\\plugins\\All-In-One-WP-Migration-With-Import-master\\lib\\vendor\\servmask\\filter\\class-ai1wm-recursive-newline-filter.php","line":28}

Jul 17 2024 07:34:56
{"type":8192,"message":"Return type of Ai1wm_Recursive_Newline_Filter::accept() should either be compatible with FilterIterator::accept(): bool, or the #[\\ReturnTypeWillChange] attribute should be used to temporarily suppress the notice","file":"C:\\xampp\\htdocs\\DevSohaib\\wp-content\\plugins\\All-In-One-WP-Migration-With-Import-master\\lib\\vendor\\servmask\\filter\\class-ai1wm-recursive-newline-filter.php","line":28}

Jul 17 2024 07:34:57
{"type":8192,"message":"Return type of Ai1wm_Recursive_Newline_Filter::accept() should either be compatible with FilterIterator::accept(): bool, or the #[\\ReturnTypeWillChange] attribute should be used to temporarily suppress the notice","file":"C:\\xampp\\htdocs\\DevSohaib\\wp-content\\plugins\\All-In-One-WP-Migration-With-Import-master\\lib\\vendor\\servmask\\filter\\class-ai1wm-recursive-newline-filter.php","line":28}

Jul 17 2024 07:34:57
{"type":8192,"message":"Return type of Ai1wm_Recursive_Newline_Filter::accept() should either be compatible with FilterIterator::accept(): bool, or the #[\\ReturnTypeWillChange] attribute should be used to temporarily suppress the notice","file":"C:\\xampp\\htdocs\\DevSohaib\\wp-content\\plugins\\All-In-One-WP-Migration-With-Import-master\\lib\\vendor\\servmask\\filter\\class-ai1wm-recursive-newline-filter.php","line":28}

Jul 17 2024 07:34:58
{"type":8192,"message":"Return type of Ai1wm_Recursive_Newline_Filter::accept() should either be compatible with FilterIterator::accept(): bool, or the #[\\ReturnTypeWillChange] attribute should be used to temporarily suppress the notice","file":"C:\\xampp\\htdocs\\DevSohaib\\wp-content\\plugins\\All-In-One-WP-Migration-With-Import-master\\lib\\vendor\\servmask\\filter\\class-ai1wm-recursive-newline-filter.php","line":28}

Jul 17 2024 07:34:58
{"type":8192,"message":"Return type of Ai1wm_Recursive_Newline_Filter::accept() should either be compatible with FilterIterator::accept(): bool, or the #[\\ReturnTypeWillChange] attribute should be used to temporarily suppress the notice","file":"C:\\xampp\\htdocs\\DevSohaib\\wp-content\\plugins\\All-In-One-WP-Migration-With-Import-master\\lib\\vendor\\servmask\\filter\\class-ai1wm-recursive-newline-filter.php","line":28}

Jul 17 2024 07:34:59
{"type":8192,"message":"Return type of Ai1wm_Recursive_Newline_Filter::accept() should either be compatible with FilterIterator::accept(): bool, or the #[\\ReturnTypeWillChange] attribute should be used to temporarily suppress the notice","file":"C:\\xampp\\htdocs\\DevSohaib\\wp-content\\plugins\\All-In-One-WP-Migration-With-Import-master\\lib\\vendor\\servmask\\filter\\class-ai1wm-recursive-newline-filter.php","line":28}

Jul 17 2024 07:34:59
{"type":8192,"message":"Return type of Ai1wm_Recursive_Newline_Filter::accept() should either be compatible with FilterIterator::accept(): bool, or the #[\\ReturnTypeWillChange] attribute should be used to temporarily suppress the notice","file":"C:\\xampp\\htdocs\\DevSohaib\\wp-content\\plugins\\All-In-One-WP-Migration-With-Import-master\\lib\\vendor\\servmask\\filter\\class-ai1wm-recursive-newline-filter.php","line":28}

Jul 17 2024 07:34:59
{"type":8192,"message":"Return type of Ai1wm_Recursive_Newline_Filter::accept() should either be compatible with FilterIterator::accept(): bool, or the #[\\ReturnTypeWillChange] attribute should be used to temporarily suppress the notice","file":"C:\\xampp\\htdocs\\DevSohaib\\wp-content\\plugins\\All-In-One-WP-Migration-With-Import-master\\lib\\vendor\\servmask\\filter\\class-ai1wm-recursive-newline-filter.php","line":28}

Jul 17 2024 07:35:00
{"type":8192,"message":"Return type of Ai1wm_Recursive_Newline_Filter::accept() should either be compatible with FilterIterator::accept(): bool, or the #[\\ReturnTypeWillChange] attribute should be used to temporarily suppress the notice","file":"C:\\xampp\\htdocs\\DevSohaib\\wp-content\\plugins\\All-In-One-WP-Migration-With-Import-master\\lib\\vendor\\servmask\\filter\\class-ai1wm-recursive-newline-filter.php","line":28}

Jul 17 2024 07:35:00
{"type":8192,"message":"Return type of Ai1wm_Recursive_Newline_Filter::accept() should either be compatible with FilterIterator::accept(): bool, or the #[\\ReturnTypeWillChange] attribute should be used to temporarily suppress the notice","file":"C:\\xampp\\htdocs\\DevSohaib\\wp-content\\plugins\\All-In-One-WP-Migration-With-Import-master\\lib\\vendor\\servmask\\filter\\class-ai1wm-recursive-newline-filter.php","line":28}

Jul 17 2024 07:35:01
{"type":8192,"message":"Return type of Ai1wm_Recursive_Newline_Filter::accept() should either be compatible with FilterIterator::accept(): bool, or the #[\\ReturnTypeWillChange] attribute should be used to temporarily suppress the notice","file":"C:\\xampp\\htdocs\\DevSohaib\\wp-content\\plugins\\All-In-One-WP-Migration-With-Import-master\\lib\\vendor\\servmask\\filter\\class-ai1wm-recursive-newline-filter.php","line":28}

Jul 17 2024 07:35:01
{"type":8192,"message":"Return type of Ai1wm_Recursive_Newline_Filter::accept() should either be compatible with FilterIterator::accept(): bool, or the #[\\ReturnTypeWillChange] attribute should be used to temporarily suppress the notice","file":"C:\\xampp\\htdocs\\DevSohaib\\wp-content\\plugins\\All-In-One-WP-Migration-With-Import-master\\lib\\vendor\\servmask\\filter\\class-ai1wm-recursive-newline-filter.php","line":28}

Jul 17 2024 07:35:02
{"type":8192,"message":"Return type of Ai1wm_Recursive_Newline_Filter::accept() should either be compatible with FilterIterator::accept(): bool, or the #[\\ReturnTypeWillChange] attribute should be used to temporarily suppress the notice","file":"C:\\xampp\\htdocs\\DevSohaib\\wp-content\\plugins\\All-In-One-WP-Migration-With-Import-master\\lib\\vendor\\servmask\\filter\\class-ai1wm-recursive-newline-filter.php","line":28}

Jul 17 2024 07:35:02
{"type":8192,"message":"Return type of Ai1wm_Recursive_Newline_Filter::accept() should either be compatible with FilterIterator::accept(): bool, or the #[\\ReturnTypeWillChange] attribute should be used to temporarily suppress the notice","file":"C:\\xampp\\htdocs\\DevSohaib\\wp-content\\plugins\\All-In-One-WP-Migration-With-Import-master\\lib\\vendor\\servmask\\filter\\class-ai1wm-recursive-newline-filter.php","line":28}

Jul 17 2024 07:35:03
{"type":8192,"message":"Return type of Ai1wm_Recursive_Newline_Filter::accept() should either be compatible with FilterIterator::accept(): bool, or the #[\\ReturnTypeWillChange] attribute should be used to temporarily suppress the notice","file":"C:\\xampp\\htdocs\\DevSohaib\\wp-content\\plugins\\All-In-One-WP-Migration-With-Import-master\\lib\\vendor\\servmask\\filter\\class-ai1wm-recursive-newline-filter.php","line":28}

Jul 17 2024 07:35:03
{"type":8192,"message":"Return type of Ai1wm_Recursive_Newline_Filter::accept() should either be compatible with FilterIterator::accept(): bool, or the #[\\ReturnTypeWillChange] attribute should be used to temporarily suppress the notice","file":"C:\\xampp\\htdocs\\DevSohaib\\wp-content\\plugins\\All-In-One-WP-Migration-With-Import-master\\lib\\vendor\\servmask\\filter\\class-ai1wm-recursive-newline-filter.php","line":28}

Jul 17 2024 07:35:03
{"type":8192,"message":"Return type of Ai1wm_Recursive_Newline_Filter::accept() should either be compatible with FilterIterator::accept(): bool, or the #[\\ReturnTypeWillChange] attribute should be used to temporarily suppress the notice","file":"C:\\xampp\\htdocs\\DevSohaib\\wp-content\\plugins\\All-In-One-WP-Migration-With-Import-master\\lib\\vendor\\servmask\\filter\\class-ai1wm-recursive-newline-filter.php","line":28}

Jul 17 2024 07:35:04
{"type":8192,"message":"Return type of Ai1wm_Recursive_Newline_Filter::accept() should either be compatible with FilterIterator::accept(): bool, or the #[\\ReturnTypeWillChange] attribute should be used to temporarily suppress the notice","file":"C:\\xampp\\htdocs\\DevSohaib\\wp-content\\plugins\\All-In-One-WP-Migration-With-Import-master\\lib\\vendor\\servmask\\filter\\class-ai1wm-recursive-newline-filter.php","line":28}

Jul 17 2024 07:35:04
{"type":8192,"message":"Return type of Ai1wm_Recursive_Newline_Filter::accept() should either be compatible with FilterIterator::accept(): bool, or the #[\\ReturnTypeWillChange] attribute should be used to temporarily suppress the notice","file":"C:\\xampp\\htdocs\\DevSohaib\\wp-content\\plugins\\All-In-One-WP-Migration-With-Import-master\\lib\\vendor\\servmask\\filter\\class-ai1wm-recursive-newline-filter.php","line":28}

Jul 17 2024 07:35:05
{"type":8192,"message":"Return type of Ai1wm_Recursive_Newline_Filter::accept() should either be compatible with FilterIterator::accept(): bool, or the #[\\ReturnTypeWillChange] attribute should be used to temporarily suppress the notice","file":"C:\\xampp\\htdocs\\DevSohaib\\wp-content\\plugins\\All-In-One-WP-Migration-With-Import-master\\lib\\vendor\\servmask\\filter\\class-ai1wm-recursive-newline-filter.php","line":28}

Jul 17 2024 07:35:05
{"type":8192,"message":"Return type of Ai1wm_Recursive_Newline_Filter::accept() should either be compatible with FilterIterator::accept(): bool, or the #[\\ReturnTypeWillChange] attribute should be used to temporarily suppress the notice","file":"C:\\xampp\\htdocs\\DevSohaib\\wp-content\\plugins\\All-In-One-WP-Migration-With-Import-master\\lib\\vendor\\servmask\\filter\\class-ai1wm-recursive-newline-filter.php","line":28}

Jul 17 2024 07:35:06
{"type":8192,"message":"Return type of Ai1wm_Recursive_Newline_Filter::accept() should either be compatible with FilterIterator::accept(): bool, or the #[\\ReturnTypeWillChange] attribute should be used to temporarily suppress the notice","file":"C:\\xampp\\htdocs\\DevSohaib\\wp-content\\plugins\\All-In-One-WP-Migration-With-Import-master\\lib\\vendor\\servmask\\filter\\class-ai1wm-recursive-newline-filter.php","line":28}

Jul 17 2024 07:35:06
{"type":8192,"message":"Return type of Ai1wm_Recursive_Newline_Filter::accept() should either be compatible with FilterIterator::accept(): bool, or the #[\\ReturnTypeWillChange] attribute should be used to temporarily suppress the notice","file":"C:\\xampp\\htdocs\\DevSohaib\\wp-content\\plugins\\All-In-One-WP-Migration-With-Import-master\\lib\\vendor\\servmask\\filter\\class-ai1wm-recursive-newline-filter.php","line":28}

Jul 17 2024 07:35:07
{"type":8192,"message":"Return type of Ai1wm_Recursive_Newline_Filter::accept() should either be compatible with FilterIterator::accept(): bool, or the #[\\ReturnTypeWillChange] attribute should be used to temporarily suppress the notice","file":"C:\\xampp\\htdocs\\DevSohaib\\wp-content\\plugins\\All-In-One-WP-Migration-With-Import-master\\lib\\vendor\\servmask\\filter\\class-ai1wm-recursive-newline-filter.php","line":28}

Jul 17 2024 07:35:07
{"type":8192,"message":"Return type of Ai1wm_Recursive_Newline_Filter::accept() should either be compatible with FilterIterator::accept(): bool, or the #[\\ReturnTypeWillChange] attribute should be used to temporarily suppress the notice","file":"C:\\xampp\\htdocs\\DevSohaib\\wp-content\\plugins\\All-In-One-WP-Migration-With-Import-master\\lib\\vendor\\servmask\\filter\\class-ai1wm-recursive-newline-filter.php","line":28}

Jul 17 2024 07:35:07
{"type":8192,"message":"Return type of Ai1wm_Recursive_Newline_Filter::accept() should either be compatible with FilterIterator::accept(): bool, or the #[\\ReturnTypeWillChange] attribute should be used to temporarily suppress the notice","file":"C:\\xampp\\htdocs\\DevSohaib\\wp-content\\plugins\\All-In-One-WP-Migration-With-Import-master\\lib\\vendor\\servmask\\filter\\class-ai1wm-recursive-newline-filter.php","line":28}

Jul 17 2024 07:35:08
{"type":8192,"message":"Return type of Ai1wm_Recursive_Newline_Filter::accept() should either be compatible with FilterIterator::accept(): bool, or the #[\\ReturnTypeWillChange] attribute should be used to temporarily suppress the notice","file":"C:\\xampp\\htdocs\\DevSohaib\\wp-content\\plugins\\All-In-One-WP-Migration-With-Import-master\\lib\\vendor\\servmask\\filter\\class-ai1wm-recursive-newline-filter.php","line":28}

Jul 17 2024 07:35:08
{"type":8192,"message":"Return type of Ai1wm_Recursive_Newline_Filter::accept() should either be compatible with FilterIterator::accept(): bool, or the #[\\ReturnTypeWillChange] attribute should be used to temporarily suppress the notice","file":"C:\\xampp\\htdocs\\DevSohaib\\wp-content\\plugins\\All-In-One-WP-Migration-With-Import-master\\lib\\vendor\\servmask\\filter\\class-ai1wm-recursive-newline-filter.php","line":28}

Jul 17 2024 07:35:09
{"type":8192,"message":"Return type of Ai1wm_Recursive_Newline_Filter::accept() should either be compatible with FilterIterator::accept(): bool, or the #[\\ReturnTypeWillChange] attribute should be used to temporarily suppress the notice","file":"C:\\xampp\\htdocs\\DevSohaib\\wp-content\\plugins\\All-In-One-WP-Migration-With-Import-master\\lib\\vendor\\servmask\\filter\\class-ai1wm-recursive-newline-filter.php","line":28}

Jul 17 2024 07:35:09
{"type":8192,"message":"Return type of Ai1wm_Recursive_Newline_Filter::accept() should either be compatible with FilterIterator::accept(): bool, or the #[\\ReturnTypeWillChange] attribute should be used to temporarily suppress the notice","file":"C:\\xampp\\htdocs\\DevSohaib\\wp-content\\plugins\\All-In-One-WP-Migration-With-Import-master\\lib\\vendor\\servmask\\filter\\class-ai1wm-recursive-newline-filter.php","line":28}

Jul 17 2024 07:35:10
{"type":8192,"message":"Return type of Ai1wm_Recursive_Newline_Filter::accept() should either be compatible with FilterIterator::accept(): bool, or the #[\\ReturnTypeWillChange] attribute should be used to temporarily suppress the notice","file":"C:\\xampp\\htdocs\\DevSohaib\\wp-content\\plugins\\All-In-One-WP-Migration-With-Import-master\\lib\\vendor\\servmask\\filter\\class-ai1wm-recursive-newline-filter.php","line":28}

Jul 17 2024 07:35:10
{"type":8192,"message":"Return type of Ai1wm_Recursive_Newline_Filter::accept() should either be compatible with FilterIterator::accept(): bool, or the #[\\ReturnTypeWillChange] attribute should be used to temporarily suppress the notice","file":"C:\\xampp\\htdocs\\DevSohaib\\wp-content\\plugins\\All-In-One-WP-Migration-With-Import-master\\lib\\vendor\\servmask\\filter\\class-ai1wm-recursive-newline-filter.php","line":28}

Jul 17 2024 07:35:11
{"type":8192,"message":"Return type of Ai1wm_Recursive_Newline_Filter::accept() should either be compatible with FilterIterator::accept(): bool, or the #[\\ReturnTypeWillChange] attribute should be used to temporarily suppress the notice","file":"C:\\xampp\\htdocs\\DevSohaib\\wp-content\\plugins\\All-In-One-WP-Migration-With-Import-master\\lib\\vendor\\servmask\\filter\\class-ai1wm-recursive-newline-filter.php","line":28}

Jul 17 2024 07:35:11
{"type":8192,"message":"Return type of Ai1wm_Recursive_Newline_Filter::accept() should either be compatible with FilterIterator::accept(): bool, or the #[\\ReturnTypeWillChange] attribute should be used to temporarily suppress the notice","file":"C:\\xampp\\htdocs\\DevSohaib\\wp-content\\plugins\\All-In-One-WP-Migration-With-Import-master\\lib\\vendor\\servmask\\filter\\class-ai1wm-recursive-newline-filter.php","line":28}

Jul 17 2024 07:35:11
{"type":8192,"message":"Return type of Ai1wm_Recursive_Newline_Filter::accept() should either be compatible with FilterIterator::accept(): bool, or the #[\\ReturnTypeWillChange] attribute should be used to temporarily suppress the notice","file":"C:\\xampp\\htdocs\\DevSohaib\\wp-content\\plugins\\All-In-One-WP-Migration-With-Import-master\\lib\\vendor\\servmask\\filter\\class-ai1wm-recursive-newline-filter.php","line":28}

Jul 17 2024 07:35:12
{"type":8192,"message":"Return type of Ai1wm_Recursive_Newline_Filter::accept() should either be compatible with FilterIterator::accept(): bool, or the #[\\ReturnTypeWillChange] attribute should be used to temporarily suppress the notice","file":"C:\\xampp\\htdocs\\DevSohaib\\wp-content\\plugins\\All-In-One-WP-Migration-With-Import-master\\lib\\vendor\\servmask\\filter\\class-ai1wm-recursive-newline-filter.php","line":28}

Jul 17 2024 07:35:12
{"type":8192,"message":"Return type of Ai1wm_Recursive_Newline_Filter::accept() should either be compatible with FilterIterator::accept(): bool, or the #[\\ReturnTypeWillChange] attribute should be used to temporarily suppress the notice","file":"C:\\xampp\\htdocs\\DevSohaib\\wp-content\\plugins\\All-In-One-WP-Migration-With-Import-master\\lib\\vendor\\servmask\\filter\\class-ai1wm-recursive-newline-filter.php","line":28}

Jul 17 2024 07:35:13
{"type":8192,"message":"Return type of Ai1wm_Recursive_Newline_Filter::accept() should either be compatible with FilterIterator::accept(): bool, or the #[\\ReturnTypeWillChange] attribute should be used to temporarily suppress the notice","file":"C:\\xampp\\htdocs\\DevSohaib\\wp-content\\plugins\\All-In-One-WP-Migration-With-Import-master\\lib\\vendor\\servmask\\filter\\class-ai1wm-recursive-newline-filter.php","line":28}

Jul 17 2024 07:35:13
{"type":8192,"message":"Return type of Ai1wm_Recursive_Newline_Filter::accept() should either be compatible with FilterIterator::accept(): bool, or the #[\\ReturnTypeWillChange] attribute should be used to temporarily suppress the notice","file":"C:\\xampp\\htdocs\\DevSohaib\\wp-content\\plugins\\All-In-One-WP-Migration-With-Import-master\\lib\\vendor\\servmask\\filter\\class-ai1wm-recursive-newline-filter.php","line":28}

Jul 17 2024 07:35:14
{"type":8192,"message":"Return type of Ai1wm_Recursive_Newline_Filter::accept() should either be compatible with FilterIterator::accept(): bool, or the #[\\ReturnTypeWillChange] attribute should be used to temporarily suppress the notice","file":"C:\\xampp\\htdocs\\DevSohaib\\wp-content\\plugins\\All-In-One-WP-Migration-With-Import-master\\lib\\vendor\\servmask\\filter\\class-ai1wm-recursive-newline-filter.php","line":28}

Jul 17 2024 07:35:14
{"type":8192,"message":"Return type of Ai1wm_Recursive_Newline_Filter::accept() should either be compatible with FilterIterator::accept(): bool, or the #[\\ReturnTypeWillChange] attribute should be used to temporarily suppress the notice","file":"C:\\xampp\\htdocs\\DevSohaib\\wp-content\\plugins\\All-In-One-WP-Migration-With-Import-master\\lib\\vendor\\servmask\\filter\\class-ai1wm-recursive-newline-filter.php","line":28}

Jul 17 2024 07:35:14
{"type":8192,"message":"Return type of Ai1wm_Recursive_Newline_Filter::accept() should either be compatible with FilterIterator::accept(): bool, or the #[\\ReturnTypeWillChange] attribute should be used to temporarily suppress the notice","file":"C:\\xampp\\htdocs\\DevSohaib\\wp-content\\plugins\\All-In-One-WP-Migration-With-Import-master\\lib\\vendor\\servmask\\filter\\class-ai1wm-recursive-newline-filter.php","line":28}

Jul 17 2024 07:35:20
{"type":8192,"message":"Return type of Ai1wm_Recursive_Newline_Filter::accept() should either be compatible with FilterIterator::accept(): bool, or the #[\\ReturnTypeWillChange] attribute should be used to temporarily suppress the notice","file":"C:\\xampp\\htdocs\\DevSohaib\\wp-content\\plugins\\All-In-One-WP-Migration-With-Import-master\\lib\\vendor\\servmask\\filter\\class-ai1wm-recursive-newline-filter.php","line":28}

Jul 17 2024 07:35:20
{"type":8192,"message":"Return type of Ai1wm_Recursive_Newline_Filter::accept() should either be compatible with FilterIterator::accept(): bool, or the #[\\ReturnTypeWillChange] attribute should be used to temporarily suppress the notice","file":"C:\\xampp\\htdocs\\DevSohaib\\wp-content\\plugins\\All-In-One-WP-Migration-With-Import-master\\lib\\vendor\\servmask\\filter\\class-ai1wm-recursive-newline-filter.php","line":28}

Jul 17 2024 07:35:31
{"type":8192,"message":"Return type of Ai1wm_Recursive_Newline_Filter::accept() should either be compatible with FilterIterator::accept(): bool, or the #[\\ReturnTypeWillChange] attribute should be used to temporarily suppress the notice","file":"C:\\xampp\\htdocs\\DevSohaib\\wp-content\\plugins\\All-In-One-WP-Migration-With-Import-master\\lib\\vendor\\servmask\\filter\\class-ai1wm-recursive-newline-filter.php","line":28}

Jul 17 2024 07:35:41
{"type":8192,"message":"Return type of Ai1wm_Recursive_Newline_Filter::accept() should either be compatible with FilterIterator::accept(): bool, or the #[\\ReturnTypeWillChange] attribute should be used to temporarily suppress the notice","file":"C:\\xampp\\htdocs\\DevSohaib\\wp-content\\plugins\\All-In-One-WP-Migration-With-Import-master\\lib\\vendor\\servmask\\filter\\class-ai1wm-recursive-newline-filter.php","line":28}

Jul 17 2024 07:35:49
{"type":8192,"message":"Return type of Ai1wm_Recursive_Newline_Filter::accept() should either be compatible with FilterIterator::accept(): bool, or the #[\\ReturnTypeWillChange] attribute should be used to temporarily suppress the notice","file":"C:\\xampp\\htdocs\\DevSohaib\\wp-content\\plugins\\All-In-One-WP-Migration-With-Import-master\\lib\\vendor\\servmask\\filter\\class-ai1wm-recursive-newline-filter.php","line":28}

Jul 17 2024 07:35:50
{"type":8192,"message":"Return type of Ai1wm_Recursive_Newline_Filter::accept() should either be compatible with FilterIterator::accept(): bool, or the #[\\ReturnTypeWillChange] attribute should be used to temporarily suppress the notice","file":"C:\\xampp\\htdocs\\DevSohaib\\wp-content\\plugins\\All-In-One-WP-Migration-With-Import-master\\lib\\vendor\\servmask\\filter\\class-ai1wm-recursive-newline-filter.php","line":28}

Jul 17 2024 07:35:50
{"Number":8192,"Message":"Creation of dynamic property Ai1wm_Database_Mysqli::$old_replace_raw_values is deprecated","File":"C:\\xampp\\htdocs\\DevSohaib\\wp-content\\plugins\\All-In-One-WP-Migration-With-Import-master\\lib\\vendor\\servmask\\database\\class-ai1wm-database.php","Line":300}

Jul 17 2024 07:35:50
{"Number":8192,"Message":"Creation of dynamic property Ai1wm_Database_Mysqli::$new_replace_raw_values is deprecated","File":"C:\\xampp\\htdocs\\DevSohaib\\wp-content\\plugins\\All-In-One-WP-Migration-With-Import-master\\lib\\vendor\\servmask\\database\\class-ai1wm-database.php","Line":321}

Jul 17 2024 07:35:52
{"type":8192,"message":"Return type of Ai1wm_Recursive_Newline_Filter::accept() should either be compatible with FilterIterator::accept(): bool, or the #[\\ReturnTypeWillChange] attribute should be used to temporarily suppress the notice","file":"C:\\xampp\\htdocs\\DevSohaib\\wp-content\\plugins\\All-In-One-WP-Migration-With-Import-master\\lib\\vendor\\servmask\\filter\\class-ai1wm-recursive-newline-filter.php","line":28}

Jul 17 2024 07:35:53
{"type":8192,"message":"Return type of Ai1wm_Recursive_Newline_Filter::accept() should either be compatible with FilterIterator::accept(): bool, or the #[\\ReturnTypeWillChange] attribute should be used to temporarily suppress the notice","file":"C:\\xampp\\htdocs\\DevSohaib\\wp-content\\plugins\\All-In-One-WP-Migration-With-Import-master\\lib\\vendor\\servmask\\filter\\class-ai1wm-recursive-newline-filter.php","line":28}

Jul 17 2024 07:35:54
{"type":8192,"message":"Using ${var} in strings is deprecated, use {$var} instead","file":"C:\\xampp\\htdocs\\DevSohaib\\wp-content\\plugins\\elementor-pro\\core\\editor\\editor.php","line":118}

Jul 17 2024 15:21:25
{"type":2,"message":"Undefined array key \"server_cron\"","file":"C:\\xampp\\htdocs\\DevSohaib\\wp-content\\plugins\\simply-static\\simply-static.php","line":60}

Jul 17 2024 15:21:26
{"type":2,"message":"Undefined array key \"server_cron\"","file":"C:\\xampp\\htdocs\\DevSohaib\\wp-content\\plugins\\simply-static\\simply-static.php","line":60}

Jul 17 2024 15:21:27
{"type":2,"message":"Undefined array key \"server_cron\"","file":"C:\\xampp\\htdocs\\DevSohaib\\wp-content\\plugins\\simply-static\\simply-static.php","line":60}

Jul 17 2024 15:21:28
{"type":2,"message":"Undefined array key \"server_cron\"","file":"C:\\xampp\\htdocs\\DevSohaib\\wp-content\\plugins\\simply-static\\simply-static.php","line":60}

Jul 17 2024 15:21:28
{"type":2,"message":"Undefined array key \"server_cron\"","file":"C:\\xampp\\htdocs\\DevSohaib\\wp-content\\plugins\\simply-static\\simply-static.php","line":60}

Jul 17 2024 15:21:29
{"type":2,"message":"Undefined array key \"server_cron\"","file":"C:\\xampp\\htdocs\\DevSohaib\\wp-content\\plugins\\simply-static\\simply-static.php","line":60}

Jul 17 2024 15:21:30
{"type":2,"message":"Undefined array key \"server_cron\"","file":"C:\\xampp\\htdocs\\DevSohaib\\wp-content\\plugins\\simply-static\\simply-static.php","line":60}

Jul 17 2024 15:21:31
{"type":2,"message":"Undefined array key \"server_cron\"","file":"C:\\xampp\\htdocs\\DevSohaib\\wp-content\\plugins\\simply-static\\simply-static.php","line":60}

Jul 17 2024 15:21:31
{"type":2,"message":"Undefined array key \"server_cron\"","file":"C:\\xampp\\htdocs\\DevSohaib\\wp-content\\plugins\\simply-static\\simply-static.php","line":60}

Jul 17 2024 15:21:32
{"type":2,"message":"Undefined array key \"server_cron\"","file":"C:\\xampp\\htdocs\\DevSohaib\\wp-content\\plugins\\simply-static\\simply-static.php","line":60}

Jul 17 2024 15:21:33
{"type":2,"message":"Undefined array key \"server_cron\"","file":"C:\\xampp\\htdocs\\DevSohaib\\wp-content\\plugins\\simply-static\\simply-static.php","line":60}

Jul 17 2024 15:21:34
{"type":2,"message":"Undefined array key \"server_cron\"","file":"C:\\xampp\\htdocs\\DevSohaib\\wp-content\\plugins\\simply-static\\simply-static.php","line":60}

Jul 17 2024 15:21:34
{"type":2,"message":"Undefined array key \"server_cron\"","file":"C:\\xampp\\htdocs\\DevSohaib\\wp-content\\plugins\\simply-static\\simply-static.php","line":60}

Jul 17 2024 15:21:35
{"type":2,"message":"Undefined array key \"server_cron\"","file":"C:\\xampp\\htdocs\\DevSohaib\\wp-content\\plugins\\simply-static\\simply-static.php","line":60}

Jul 17 2024 15:21:36
{"type":2,"message":"Undefined array key \"server_cron\"","file":"C:\\xampp\\htdocs\\DevSohaib\\wp-content\\plugins\\simply-static\\simply-static.php","line":60}

Jul 17 2024 15:21:37
{"type":2,"message":"Undefined array key \"server_cron\"","file":"C:\\xampp\\htdocs\\DevSohaib\\wp-content\\plugins\\simply-static\\simply-static.php","line":60}

Jul 17 2024 15:21:37
{"type":2,"message":"Undefined array key \"server_cron\"","file":"C:\\xampp\\htdocs\\DevSohaib\\wp-content\\plugins\\simply-static\\simply-static.php","line":60}

Jul 17 2024 15:21:38
{"type":2,"message":"Undefined array key \"server_cron\"","file":"C:\\xampp\\htdocs\\DevSohaib\\wp-content\\plugins\\simply-static\\simply-static.php","line":60}

Jul 17 2024 15:21:39
{"type":2,"message":"Undefined array key \"server_cron\"","file":"C:\\xampp\\htdocs\\DevSohaib\\wp-content\\plugins\\simply-static\\simply-static.php","line":60}

Jul 17 2024 15:21:40
{"type":2,"message":"Undefined array key \"server_cron\"","file":"C:\\xampp\\htdocs\\DevSohaib\\wp-content\\plugins\\simply-static\\simply-static.php","line":60}

Jul 17 2024 15:21:40
{"type":2,"message":"Undefined array key \"server_cron\"","file":"C:\\xampp\\htdocs\\DevSohaib\\wp-content\\plugins\\simply-static\\simply-static.php","line":60}

Jul 17 2024 15:21:41
{"type":2,"message":"Undefined array key \"server_cron\"","file":"C:\\xampp\\htdocs\\DevSohaib\\wp-content\\plugins\\simply-static\\simply-static.php","line":60}

Jul 17 2024 15:21:42
{"type":2,"message":"Undefined array key \"server_cron\"","file":"C:\\xampp\\htdocs\\DevSohaib\\wp-content\\plugins\\simply-static\\simply-static.php","line":60}

Jul 17 2024 15:21:43
{"type":2,"message":"Undefined array key \"server_cron\"","file":"C:\\xampp\\htdocs\\DevSohaib\\wp-content\\plugins\\simply-static\\simply-static.php","line":60}

Jul 17 2024 15:21:43
{"type":2,"message":"Undefined array key \"server_cron\"","file":"C:\\xampp\\htdocs\\DevSohaib\\wp-content\\plugins\\simply-static\\simply-static.php","line":60}

Jul 17 2024 15:21:44
{"type":2,"message":"Undefined array key \"server_cron\"","file":"C:\\xampp\\htdocs\\DevSohaib\\wp-content\\plugins\\simply-static\\simply-static.php","line":60}

Jul 17 2024 15:21:45
{"type":2,"message":"Undefined array key \"server_cron\"","file":"C:\\xampp\\htdocs\\DevSohaib\\wp-content\\plugins\\simply-static\\simply-static.php","line":60}

Jul 17 2024 15:21:46
{"type":2,"message":"Undefined array key \"server_cron\"","file":"C:\\xampp\\htdocs\\DevSohaib\\wp-content\\plugins\\simply-static\\simply-static.php","line":60}

Jul 17 2024 15:21:46
{"type":2,"message":"Undefined array key \"server_cron\"","file":"C:\\xampp\\htdocs\\DevSohaib\\wp-content\\plugins\\simply-static\\simply-static.php","line":60}

Jul 17 2024 15:21:47
{"type":2,"message":"Undefined array key \"server_cron\"","file":"C:\\xampp\\htdocs\\DevSohaib\\wp-content\\plugins\\simply-static\\simply-static.php","line":60}

Jul 17 2024 15:21:48
{"type":2,"message":"Undefined array key \"server_cron\"","file":"C:\\xampp\\htdocs\\DevSohaib\\wp-content\\plugins\\simply-static\\simply-static.php","line":60}

Jul 17 2024 15:21:49
{"type":2,"message":"Undefined array key \"server_cron\"","file":"C:\\xampp\\htdocs\\DevSohaib\\wp-content\\plugins\\simply-static\\simply-static.php","line":60}

Jul 17 2024 15:21:50
{"type":2,"message":"Undefined array key \"server_cron\"","file":"C:\\xampp\\htdocs\\DevSohaib\\wp-content\\plugins\\simply-static\\simply-static.php","line":60}

Jul 17 2024 15:21:51
{"type":2,"message":"Undefined array key \"server_cron\"","file":"C:\\xampp\\htdocs\\DevSohaib\\wp-content\\plugins\\simply-static\\simply-static.php","line":60}

Jul 17 2024 15:21:51
{"type":2,"message":"Undefined array key \"server_cron\"","file":"C:\\xampp\\htdocs\\DevSohaib\\wp-content\\plugins\\simply-static\\simply-static.php","line":60}

Jul 17 2024 15:21:52
{"type":2,"message":"Undefined array key \"server_cron\"","file":"C:\\xampp\\htdocs\\DevSohaib\\wp-content\\plugins\\simply-static\\simply-static.php","line":60}

Jul 17 2024 15:21:53
{"type":2,"message":"Undefined array key \"server_cron\"","file":"C:\\xampp\\htdocs\\DevSohaib\\wp-content\\plugins\\simply-static\\simply-static.php","line":60}

Jul 17 2024 15:21:54
{"type":2,"message":"Undefined array key \"server_cron\"","file":"C:\\xampp\\htdocs\\DevSohaib\\wp-content\\plugins\\simply-static\\simply-static.php","line":60}

Jul 17 2024 15:21:55
{"type":2,"message":"Undefined array key \"server_cron\"","file":"C:\\xampp\\htdocs\\DevSohaib\\wp-content\\plugins\\simply-static\\simply-static.php","line":60}

Jul 17 2024 15:21:55
{"type":2,"message":"Undefined array key \"server_cron\"","file":"C:\\xampp\\htdocs\\DevSohaib\\wp-content\\plugins\\simply-static\\simply-static.php","line":60}

Jul 17 2024 15:21:56
{"type":2,"message":"Undefined array key \"server_cron\"","file":"C:\\xampp\\htdocs\\DevSohaib\\wp-content\\plugins\\simply-static\\simply-static.php","line":60}

Jul 17 2024 15:21:57
{"type":2,"message":"Undefined array key \"server_cron\"","file":"C:\\xampp\\htdocs\\DevSohaib\\wp-content\\plugins\\simply-static\\simply-static.php","line":60}

Jul 17 2024 15:21:57
{"type":2,"message":"Undefined array key \"server_cron\"","file":"C:\\xampp\\htdocs\\DevSohaib\\wp-content\\plugins\\simply-static\\simply-static.php","line":60}

Jul 17 2024 15:21:58
{"type":2,"message":"Undefined array key \"server_cron\"","file":"C:\\xampp\\htdocs\\DevSohaib\\wp-content\\plugins\\simply-static\\simply-static.php","line":60}

Jul 17 2024 15:21:59
{"type":2,"message":"Undefined array key \"server_cron\"","file":"C:\\xampp\\htdocs\\DevSohaib\\wp-content\\plugins\\simply-static\\simply-static.php","line":60}

Jul 17 2024 15:22:00
{"type":2,"message":"Undefined array key \"server_cron\"","file":"C:\\xampp\\htdocs\\DevSohaib\\wp-content\\plugins\\simply-static\\simply-static.php","line":60}

Jul 17 2024 15:22:00
{"type":2,"message":"Undefined array key \"server_cron\"","file":"C:\\xampp\\htdocs\\DevSohaib\\wp-content\\plugins\\simply-static\\simply-static.php","line":60}

Jul 17 2024 15:22:01
{"type":2,"message":"Undefined array key \"server_cron\"","file":"C:\\xampp\\htdocs\\DevSohaib\\wp-content\\plugins\\simply-static\\simply-static.php","line":60}

Jul 17 2024 15:22:02
{"type":2,"message":"Undefined array key \"server_cron\"","file":"C:\\xampp\\htdocs\\DevSohaib\\wp-content\\plugins\\simply-static\\simply-static.php","line":60}

Jul 17 2024 15:22:03
{"type":2,"message":"Undefined array key \"server_cron\"","file":"C:\\xampp\\htdocs\\DevSohaib\\wp-content\\plugins\\simply-static\\simply-static.php","line":60}

Jul 17 2024 15:22:03
{"type":2,"message":"Undefined array key \"server_cron\"","file":"C:\\xampp\\htdocs\\DevSohaib\\wp-content\\plugins\\simply-static\\simply-static.php","line":60}

Jul 17 2024 15:22:10
{"type":2,"message":"Undefined array key \"server_cron\"","file":"C:\\xampp\\htdocs\\DevSohaib\\wp-content\\plugins\\simply-static\\simply-static.php","line":60}

Jul 17 2024 15:22:11
{"type":2,"message":"Undefined array key \"server_cron\"","file":"C:\\xampp\\htdocs\\DevSohaib\\wp-content\\plugins\\simply-static\\simply-static.php","line":60}

Jul 17 2024 15:22:22
{"type":2,"message":"Undefined array key \"server_cron\"","file":"C:\\xampp\\htdocs\\DevSohaib\\wp-content\\plugins\\simply-static\\simply-static.php","line":60}

Jul 17 2024 15:22:36
{"type":2,"message":"Undefined array key \"server_cron\"","file":"C:\\xampp\\htdocs\\DevSohaib\\wp-content\\plugins\\simply-static\\simply-static.php","line":60}

Jul 17 2024 15:22:44
{"type":2,"message":"Undefined array key \"server_cron\"","file":"C:\\xampp\\htdocs\\DevSohaib\\wp-content\\plugins\\simply-static\\simply-static.php","line":60}

Jul 17 2024 15:22:45
{"type":2,"message":"Undefined array key \"server_cron\"","file":"C:\\xampp\\htdocs\\DevSohaib\\wp-content\\plugins\\simply-static\\simply-static.php","line":60}

Jul 17 2024 15:22:46
{"Number":8192,"Message":"Creation of dynamic property Ai1wm_Database_Mysqli::$old_replace_raw_values is deprecated","File":"C:\\xampp\\htdocs\\DevSohaib\\wp-content\\plugins\\All-In-One-WP-Migration-With-Import-master\\lib\\vendor\\servmask\\database\\class-ai1wm-database.php","Line":300}

Jul 17 2024 15:22:46
{"Number":8192,"Message":"Creation of dynamic property Ai1wm_Database_Mysqli::$new_replace_raw_values is deprecated","File":"C:\\xampp\\htdocs\\DevSohaib\\wp-content\\plugins\\All-In-One-WP-Migration-With-Import-master\\lib\\vendor\\servmask\\database\\class-ai1wm-database.php","Line":321}

Jul 17 2024 15:22:48
{"type":2,"message":"Undefined array key \"server_cron\"","file":"C:\\xampp\\htdocs\\DevSohaib\\wp-content\\plugins\\simply-static\\simply-static.php","line":60}

Jul 17 2024 15:22:48
{"type":8192,"message":"Return type of Ai1wm_Recursive_Newline_Filter::accept() should either be compatible with FilterIterator::accept(): bool, or the #[\\ReturnTypeWillChange] attribute should be used to temporarily suppress the notice","file":"C:\\xampp\\htdocs\\DevSohaib\\wp-content\\plugins\\All-In-One-WP-Migration-With-Import-master\\lib\\vendor\\servmask\\filter\\class-ai1wm-recursive-newline-filter.php","line":28}

Jul 17 2024 15:22:50
{"type":8192,"message":"Using ${var} in strings is deprecated, use {$var} instead","file":"C:\\xampp\\htdocs\\DevSohaib\\wp-content\\plugins\\elementor-pro\\core\\editor\\editor.php","line":118}

